<?xml version="1.0" encoding="UTF-8"?>
<!-- Generated by org.testng.reporters.JUnitReportReporter -->
<testsuite hostname="LAPTOP-N4MFVJ2F" failures="0" tests="1" name="configAnnotation.electronic" time="18.949" errors="0" timestamp="2024-03-31T15:17:13 IST" skipped="0">
  <testcase classname="configAnnotation.electronic" name="clickElectronic" time="18.949"/>
  <system-out>
    <![CDATA[successfully click on electronics
succesffuly clicked movebyOffset]]>
  </system-out>
</testsuite> <!-- configAnnotation.electronic -->
