<?xml version="1.0" encoding="UTF-8"?>
<!-- Generated by org.testng.reporters.JUnitReportReporter -->
<testsuite hostname="LAPTOP-N4MFVJ2F" failures="0" tests="1" name="cars.lamborgini" time="4.966" errors="0" timestamp="2024-03-31T14:34:57 IST" skipped="0">
  <testcase classname="cars.lamborgini" name="lambo" time="4.966"/>
  <system-out/>
</testsuite> <!-- cars.lamborgini -->
